<?xml version="1.0" encoding="UTF-8"?>
<testng-results skipped="0" failed="0" total="1" passed="1">
  <reporter-output>
  </reporter-output>
  <suite name="Suite" duration-ms="15349" started-at="2019-02-24T14:07:07Z" finished-at="2019-02-24T14:07:23Z">
    <groups>
    </groups>
    <test name="Test" duration-ms="15349" started-at="2019-02-24T14:07:07Z" finished-at="2019-02-24T14:07:23Z">
      <class name="fitnessTesting">
        <test-method status="PASS" signature="verifyHomepageTitle()[pri:0, instance:fitnessTesting@7c75222b]" name="verifyHomepageTitle" is-config="true" duration-ms="9939" started-at="2019-02-24T19:37:07Z" finished-at="2019-02-24T19:37:17Z">
          <reporter-output>
          </reporter-output>
        </test-method> <!-- verifyHomepageTitle -->
        <test-method status="PASS" signature="login()[pri:0, instance:fitnessTesting@7c75222b]" name="login" duration-ms="3139" started-at="2019-02-24T19:37:17Z" finished-at="2019-02-24T19:37:20Z">
          <reporter-output>
          </reporter-output>
        </test-method> <!-- login -->
        <test-method status="PASS" signature="closebrowser()[pri:0, instance:fitnessTesting@7c75222b]" name="closebrowser" is-config="true" duration-ms="2230" started-at="2019-02-24T19:37:20Z" finished-at="2019-02-24T19:37:23Z">
          <reporter-output>
          </reporter-output>
        </test-method> <!-- closebrowser -->
      </class> <!-- fitnessTesting -->
    </test> <!-- Test -->
  </suite> <!-- Suite -->
</testng-results>
